Analysis & Synthesis report for adc_3
Sun May 26 00:57:41 2019
Quartus II 32-bit Version 13.0.1 Build 232 06/12/2013 Service Pack 1 SJ Web Edition


---------------------
; Table of Contents ;
---------------------
  1. Legal Notice
  2. Analysis & Synthesis Summary
  3. Analysis & Synthesis Settings
  4. Parallel Compilation
  5. Analysis & Synthesis Source Files Read
  6. Analysis & Synthesis Resource Usage Summary
  7. Analysis & Synthesis Resource Utilization by Entity
  8. State Machine - |adc_3|uart_frame_state
  9. State Machine - |adc_3|uart_frame_r
 10. State Machine - |adc_3|runup_state_r
 11. State Machine - |adc_3|state
 12. State Machine - |adc_3|uart_tx:uart_tx_a|uart_tx_state
 13. Registers Removed During Synthesis
 14. Removed Registers Triggering Further Register Optimizations
 15. General Register Statistics
 16. Multiplexer Restructuring Statistics (Restructuring Performed)
 17. Analysis & Synthesis Messages



----------------
; Legal Notice ;
----------------
Copyright (C) 1991-2013 Altera Corporation
Your use of Altera Corporation's design tools, logic functions 
and other software and tools, and its AMPP partner logic 
functions, and any output files from any of the foregoing 
(including device programming or simulation files), and any 
associated documentation or information are expressly subject 
to the terms and conditions of the Altera Program License 
Subscription Agreement, Altera MegaCore Function License 
Agreement, or other applicable license agreement, including, 
without limitation, that your use is for the sole purpose of 
programming logic devices manufactured by Altera and sold by 
Altera or its authorized distributors.  Please refer to the 
applicable agreement for further details.



+-------------------------------------------------------------------------------+
; Analysis & Synthesis Summary                                                  ;
+-----------------------------+-------------------------------------------------+
; Analysis & Synthesis Status ; Successful - Sun May 26 00:57:41 2019           ;
; Quartus II 32-bit Version   ; 13.0.1 Build 232 06/12/2013 SP 1 SJ Web Edition ;
; Revision Name               ; adc_3                                           ;
; Top-level Entity Name       ; adc_3                                           ;
; Family                      ; MAX II                                          ;
; Total logic elements        ; 226                                             ;
; Total pins                  ; 12                                              ;
; Total virtual pins          ; 0                                               ;
; UFM blocks                  ; 0 / 1 ( 0 % )                                   ;
+-----------------------------+-------------------------------------------------+


+----------------------------------------------------------------------------------------------------------------------+
; Analysis & Synthesis Settings                                                                                        ;
+----------------------------------------------------------------------------+--------------------+--------------------+
; Option                                                                     ; Setting            ; Default Value      ;
+----------------------------------------------------------------------------+--------------------+--------------------+
; Device                                                                     ; EPM240T100C5       ;                    ;
; Top-level entity name                                                      ; adc_3              ; adc_3              ;
; Family name                                                                ; MAX II             ; Cyclone IV GX      ;
; Use smart compilation                                                      ; Off                ; Off                ;
; Enable parallel Assembler and TimeQuest Timing Analyzer during compilation ; On                 ; On                 ;
; Enable compact report table                                                ; Off                ; Off                ;
; Restructure Multiplexers                                                   ; Auto               ; Auto               ;
; Create Debugging Nodes for IP Cores                                        ; Off                ; Off                ;
; Preserve fewer node names                                                  ; On                 ; On                 ;
; Disable OpenCore Plus hardware evaluation                                  ; Off                ; Off                ;
; Verilog Version                                                            ; Verilog_2001       ; Verilog_2001       ;
; VHDL Version                                                               ; VHDL_1993          ; VHDL_1993          ;
; State Machine Processing                                                   ; Auto               ; Auto               ;
; Safe State Machine                                                         ; Off                ; Off                ;
; Extract Verilog State Machines                                             ; On                 ; On                 ;
; Extract VHDL State Machines                                                ; On                 ; On                 ;
; Ignore Verilog initial constructs                                          ; Off                ; Off                ;
; Iteration limit for constant Verilog loops                                 ; 5000               ; 5000               ;
; Iteration limit for non-constant Verilog loops                             ; 250                ; 250                ;
; Add Pass-Through Logic to Inferred RAMs                                    ; On                 ; On                 ;
; Infer RAMs from Raw Logic                                                  ; On                 ; On                 ;
; Parallel Synthesis                                                         ; On                 ; On                 ;
; NOT Gate Push-Back                                                         ; On                 ; On                 ;
; Power-Up Don't Care                                                        ; On                 ; On                 ;
; Remove Redundant Logic Cells                                               ; Off                ; Off                ;
; Remove Duplicate Registers                                                 ; On                 ; On                 ;
; Ignore CARRY Buffers                                                       ; Off                ; Off                ;
; Ignore CASCADE Buffers                                                     ; Off                ; Off                ;
; Ignore GLOBAL Buffers                                                      ; Off                ; Off                ;
; Ignore ROW GLOBAL Buffers                                                  ; Off                ; Off                ;
; Ignore LCELL Buffers                                                       ; Off                ; Off                ;
; Ignore SOFT Buffers                                                        ; On                 ; On                 ;
; Limit AHDL Integers to 32 Bits                                             ; Off                ; Off                ;
; Optimization Technique                                                     ; Balanced           ; Balanced           ;
; Carry Chain Length                                                         ; 70                 ; 70                 ;
; Auto Carry Chains                                                          ; On                 ; On                 ;
; Auto Open-Drain Pins                                                       ; On                 ; On                 ;
; Perform WYSIWYG Primitive Resynthesis                                      ; Off                ; Off                ;
; Auto Shift Register Replacement                                            ; Auto               ; Auto               ;
; Allow Shift Register Merging across Hierarchies                            ; Auto               ; Auto               ;
; Auto Clock Enable Replacement                                              ; On                 ; On                 ;
; Allow Synchronous Control Signals                                          ; On                 ; On                 ;
; Force Use of Synchronous Clear Signals                                     ; Off                ; Off                ;
; Auto Resource Sharing                                                      ; Off                ; Off                ;
; Use LogicLock Constraints during Resource Balancing                        ; On                 ; On                 ;
; Ignore translate_off and synthesis_off directives                          ; Off                ; Off                ;
; Report Parameter Settings                                                  ; On                 ; On                 ;
; Report Source Assignments                                                  ; On                 ; On                 ;
; Report Connectivity Checks                                                 ; On                 ; On                 ;
; Ignore Maximum Fan-Out Assignments                                         ; Off                ; Off                ;
; Synchronization Register Chain Length                                      ; 2                  ; 2                  ;
; PowerPlay Power Optimization                                               ; Normal compilation ; Normal compilation ;
; HDL message level                                                          ; Level2             ; Level2             ;
; Suppress Register Optimization Related Messages                            ; Off                ; Off                ;
; Number of Removed Registers Reported in Synthesis Report                   ; 5000               ; 5000               ;
; Number of Swept Nodes Reported in Synthesis Report                         ; 5000               ; 5000               ;
; Number of Inverted Registers Reported in Synthesis Report                  ; 100                ; 100                ;
; Clock MUX Protection                                                       ; On                 ; On                 ;
; Block Design Naming                                                        ; Auto               ; Auto               ;
; Synthesis Effort                                                           ; Auto               ; Auto               ;
; Shift Register Replacement - Allow Asynchronous Clear Signal               ; On                 ; On                 ;
; Pre-Mapping Resynthesis Optimization                                       ; Off                ; Off                ;
; Analysis & Synthesis Message Level                                         ; Medium             ; Medium             ;
; Disable Register Merging Across Hierarchies                                ; Auto               ; Auto               ;
; Synthesis Seed                                                             ; 1                  ; 1                  ;
+----------------------------------------------------------------------------+--------------------+--------------------+


Parallel compilation was disabled, but you have multiple processors available. Enable parallel compilation to reduce compilation time.
+-------------------------------------+
; Parallel Compilation                ;
+----------------------------+--------+
; Processors                 ; Number ;
+----------------------------+--------+
; Number detected on machine ; 2      ;
; Maximum allowed            ; 1      ;
+----------------------------+--------+


+------------------------------------------------------------------------------------------------------------------------------------------------------------+
; Analysis & Synthesis Source Files Read                                                                                                                     ;
+----------------------------------+-----------------+------------------------+--------------------------------------------------------------------+---------+
; File Name with User-Entered Path ; Used in Netlist ; File Type              ; File Name with Absolute Path                                       ; Library ;
+----------------------------------+-----------------+------------------------+--------------------------------------------------------------------+---------+
; adc_3.v                          ; yes             ; User Verilog HDL File  ; /home/jarin/storage/main/backup_mg/adc/test/quartus_proj/3/adc_3.v ;         ;
+----------------------------------+-----------------+------------------------+--------------------------------------------------------------------+---------+


+------------------------------------------------------+
; Analysis & Synthesis Resource Usage Summary          ;
+---------------------------------------------+--------+
; Resource                                    ; Usage  ;
+---------------------------------------------+--------+
; Total logic elements                        ; 226    ;
;     -- Combinational with no register       ; 71     ;
;     -- Register only                        ; 57     ;
;     -- Combinational with a register        ; 98     ;
;                                             ;        ;
; Logic element usage by number of LUT inputs ;        ;
;     -- 4 input functions                    ; 62     ;
;     -- 3 input functions                    ; 29     ;
;     -- 2 input functions                    ; 70     ;
;     -- 1 input functions                    ; 7      ;
;     -- 0 input functions                    ; 1      ;
;                                             ;        ;
; Logic elements by mode                      ;        ;
;     -- normal mode                          ; 173    ;
;     -- arithmetic mode                      ; 53     ;
;     -- qfbk mode                            ; 0      ;
;     -- register cascade mode                ; 0      ;
;     -- synchronous clear/load mode          ; 66     ;
;     -- asynchronous clear/load mode         ; 0      ;
;                                             ;        ;
; Total registers                             ; 155    ;
; Total logic cells in carry chains           ; 59     ;
; I/O pins                                    ; 12     ;
; Maximum fan-out node                        ; cnt[5] ;
; Maximum fan-out                             ; 81     ;
; Total fan-out                               ; 888    ;
; Average fan-out                             ; 3.73   ;
+---------------------------------------------+--------+


+---------------------------------------------------------------------------------------------------------------------------------------------------------------------------------------------------------------------------+
; Analysis & Synthesis Resource Utilization by Entity                                                                                                                                                                       ;
+----------------------------+-------------+--------------+------------+------+--------------+--------------+-------------------+------------------+-----------------+------------+--------------------------+--------------+
; Compilation Hierarchy Node ; Logic Cells ; LC Registers ; UFM Blocks ; Pins ; Virtual Pins ; LUT-Only LCs ; Register-Only LCs ; LUT/Register LCs ; Carry Chain LCs ; Packed LCs ; Full Hierarchy Name      ; Library Name ;
+----------------------------+-------------+--------------+------------+------+--------------+--------------+-------------------+------------------+-----------------+------------+--------------------------+--------------+
; |adc_3                     ; 226 (205)   ; 155          ; 0          ; 12   ; 0            ; 71 (60)      ; 57 (57)           ; 98 (88)          ; 59 (59)         ; 0 (0)      ; |adc_3                   ; work         ;
;    |uart_tx:uart_tx_a|     ; 21 (21)     ; 10           ; 0          ; 0    ; 0            ; 11 (11)      ; 0 (0)             ; 10 (10)          ; 0 (0)           ; 0 (0)      ; |adc_3|uart_tx:uart_tx_a ; work         ;
+----------------------------+-------------+--------------+------------+------+--------------+--------------+-------------------+------------------+-----------------+------------+--------------------------+--------------+
Note: For table entries with two numbers listed, the numbers in parentheses indicate the number of resources of the given type used by the specific entity alone. The numbers listed outside of parentheses indicate the total resources of the given type used by the specific entity and all of its sub-entities in the hierarchy.


Encoding Type:  One-Hot
+-------------------------------------------------------------------------------------------+
; State Machine - |adc_3|uart_frame_state                                                   ;
+----------------------+----------------------+----------------------+----------------------+
; Name                 ; uart_frame_state.000 ; uart_frame_state.010 ; uart_frame_state.001 ;
+----------------------+----------------------+----------------------+----------------------+
; uart_frame_state.000 ; 0                    ; 0                    ; 0                    ;
; uart_frame_state.001 ; 1                    ; 0                    ; 1                    ;
; uart_frame_state.010 ; 1                    ; 1                    ; 0                    ;
+----------------------+----------------------+----------------------+----------------------+


Encoding Type:  One-Hot
+-------------------------------------+
; State Machine - |adc_3|uart_frame_r ;
+------------------+------------------+
; Name             ; uart_frame_r.001 ;
+------------------+------------------+
; uart_frame_r.000 ; 0                ;
; uart_frame_r.001 ; 1                ;
+------------------+------------------+


Encoding Type:  One-Hot
+--------------------------------------+
; State Machine - |adc_3|runup_state_r ;
+-----------------+--------------------+
; Name            ; runup_state_r.1    ;
+-----------------+--------------------+
; runup_state_r.0 ; 0                  ;
; runup_state_r.1 ; 1                  ;
+-----------------+--------------------+


Encoding Type:  One-Hot
+-----------------------------------------------------------+
; State Machine - |adc_3|state                              ;
+-----------+-----------+-----------+-----------+-----------+
; Name      ; state.011 ; state.010 ; state.001 ; state.000 ;
+-----------+-----------+-----------+-----------+-----------+
; state.000 ; 0         ; 0         ; 0         ; 0         ;
; state.001 ; 0         ; 0         ; 1         ; 1         ;
; state.010 ; 0         ; 1         ; 0         ; 1         ;
; state.011 ; 1         ; 0         ; 0         ; 1         ;
+-----------+-----------+-----------+-----------+-----------+


Encoding Type:  One-Hot
+-----------------------------------------------------------------------------------------------------------------------+
; State Machine - |adc_3|uart_tx:uart_tx_a|uart_tx_state                                                                ;
+-------------------+-------------------+-------------------+-------------------+-------------------+-------------------+
; Name              ; uart_tx_state.011 ; uart_tx_state.000 ; uart_tx_state.001 ; uart_tx_state.010 ; uart_tx_state.100 ;
+-------------------+-------------------+-------------------+-------------------+-------------------+-------------------+
; uart_tx_state.010 ; 0                 ; 0                 ; 0                 ; 0                 ; 0                 ;
; uart_tx_state.001 ; 0                 ; 0                 ; 1                 ; 1                 ; 0                 ;
; uart_tx_state.000 ; 0                 ; 1                 ; 0                 ; 1                 ; 0                 ;
; uart_tx_state.011 ; 1                 ; 0                 ; 0                 ; 1                 ; 0                 ;
; uart_tx_state.100 ; 0                 ; 0                 ; 0                 ; 1                 ; 1                 ;
+-------------------+-------------------+-------------------+-------------------+-------------------+-------------------+


+---------------------------------------------------------------------------------+
; Registers Removed During Synthesis                                              ;
+----------------------------------------+----------------------------------------+
; Register name                          ; Reason for Removal                     ;
+----------------------------------------+----------------------------------------+
; frame_content[28,29,31]                ; Stuck at GND due to stuck port data_in ;
; result_content[27]                     ; Stuck at GND due to stuck port data_in ;
; frame_content[27]                      ; Stuck at GND due to stuck port data_in ;
; uart_frame_state~7                     ; Lost fanout                            ;
; uart_frame_r~4                         ; Lost fanout                            ;
; uart_frame_r~5                         ; Lost fanout                            ;
; state~6                                ; Lost fanout                            ;
; state~7                                ; Lost fanout                            ;
; state~8                                ; Lost fanout                            ;
; uart_tx:uart_tx_a|uart_tx_state~7      ; Lost fanout                            ;
; uart_tx:uart_tx_a|uart_tx_state~8      ; Lost fanout                            ;
; uart_frame_state.010                   ; Lost fanout                            ;
; uart_divider[5]                        ; Lost fanout                            ;
; Total Number of Removed Registers = 15 ;                                        ;
+----------------------------------------+----------------------------------------+


+-----------------------------------------------------------------------------------------+
; Removed Registers Triggering Further Register Optimizations                             ;
+--------------------+---------------------------+----------------------------------------+
; Register name      ; Reason for Removal        ; Registers Removed due to This Register ;
+--------------------+---------------------------+----------------------------------------+
; result_content[27] ; Stuck at GND              ; frame_content[27]                      ;
;                    ; due to stuck port data_in ;                                        ;
+--------------------+---------------------------+----------------------------------------+


+------------------------------------------------------+
; General Register Statistics                          ;
+----------------------------------------------+-------+
; Statistic                                    ; Value ;
+----------------------------------------------+-------+
; Total registers                              ; 155   ;
; Number of registers using Synchronous Clear  ; 63    ;
; Number of registers using Synchronous Load   ; 8     ;
; Number of registers using Asynchronous Clear ; 0     ;
; Number of registers using Asynchronous Load  ; 0     ;
; Number of registers using Clock Enable       ; 106   ;
; Number of registers using Preset             ; 0     ;
+----------------------------------------------+-------+


+-------------------------------------------------------------------------------------------------------------------------------------------------------+
; Multiplexer Restructuring Statistics (Restructuring Performed)                                                                                        ;
+--------------------+-----------+---------------+----------------------+------------------------+------------+-----------------------------------------+
; Multiplexer Inputs ; Bus Width ; Baseline Area ; Area if Restructured ; Saving if Restructured ; Registered ; Example Multiplexer Output              ;
+--------------------+-----------+---------------+----------------------+------------------------+------------+-----------------------------------------+
; 4:1                ; 3 bits    ; 6 LEs         ; 3 LEs                ; 3 LEs                  ; Yes        ; |adc_3|uart_tx:uart_tx_a|uart_tx_bit[1] ;
; 4:1                ; 16 bits   ; 32 LEs        ; 16 LEs               ; 16 LEs                 ; Yes        ; |adc_3|rundown_cnt[9]                   ;
; 4:1                ; 11 bits   ; 22 LEs        ; 11 LEs               ; 11 LEs                 ; Yes        ; |adc_3|cnt_runup[0]                     ;
; 3:1                ; 4 bits    ; 8 LEs         ; 4 LEs                ; 4 LEs                  ; Yes        ; |adc_3|uart_frame_cnt[3]                ;
; 6:1                ; 3 bits    ; 12 LEs        ; 6 LEs                ; 6 LEs                  ; Yes        ; |adc_3|sw_vref_r[0]                     ;
; 6:1                ; 2 bits    ; 8 LEs         ; 4 LEs                ; 4 LEs                  ; Yes        ; |adc_3|sw_up_r[0]                       ;
; 5:1                ; 4 bits    ; 12 LEs        ; 8 LEs                ; 4 LEs                  ; Yes        ; |adc_3|uart_tx_register[7]              ;
; 5:1                ; 4 bits    ; 12 LEs        ; 8 LEs                ; 4 LEs                  ; Yes        ; |adc_3|uart_tx_register[6]              ;
; 4:1                ; 11 bits   ; 22 LEs        ; 11 LEs               ; 11 LEs                 ; Yes        ; |adc_3|runup_cnt[6]                     ;
; 9:1                ; 11 bits   ; 66 LEs        ; 11 LEs               ; 55 LEs                 ; Yes        ; |adc_3|cnt_stat[1]                      ;
; 3:1                ; 2 bits    ; 4 LEs         ; 4 LEs                ; 0 LEs                  ; No         ; |adc_3|uart_frame_r                     ;
; 4:1                ; 2 bits    ; 4 LEs         ; 4 LEs                ; 0 LEs                  ; No         ; |adc_3|uart_frame_state                 ;
; 6:1                ; 3 bits    ; 12 LEs        ; 9 LEs                ; 3 LEs                  ; No         ; |adc_3|uart_tx:uart_tx_a|uart_tx_state  ;
; 6:1                ; 2 bits    ; 8 LEs         ; 4 LEs                ; 4 LEs                  ; No         ; |adc_3|uart_tx:uart_tx_a|uart_tx_state  ;
; 5:1                ; 2 bits    ; 6 LEs         ; 4 LEs                ; 2 LEs                  ; No         ; |adc_3|runup_state_r                    ;
; 6:1                ; 3 bits    ; 12 LEs        ; 9 LEs                ; 3 LEs                  ; No         ; |adc_3|state                            ;
+--------------------+-----------+---------------+----------------------+------------------------+------------+-----------------------------------------+


+-------------------------------+
; Analysis & Synthesis Messages ;
+-------------------------------+
Info: *******************************************************************
Info: Running Quartus II 32-bit Analysis & Synthesis
    Info: Version 13.0.1 Build 232 06/12/2013 Service Pack 1 SJ Web Edition
    Info: Processing started: Sun May 26 00:57:38 2019
Info: Command: quartus_map --read_settings_files=on --write_settings_files=off adc_3 -c adc_3
Warning (20028): Parallel compilation is not licensed and has been disabled
Info (12021): Found 2 design units, including 2 entities, in source file adc_3.v
    Info (12023): Found entity 1: adc_3
    Info (12023): Found entity 2: uart_tx
Info (12127): Elaborating entity "adc_3" for the top level hierarchy
Warning (10036): Verilog HDL or VHDL warning at adc_3.v(17): object "timer_gate_r" assigned a value but never read
Warning (10230): Verilog HDL assignment warning at adc_3.v(35): truncated value with size 32 to match size of target (6)
Warning (10230): Verilog HDL assignment warning at adc_3.v(40): truncated value with size 32 to match size of target (6)
Warning (10230): Verilog HDL assignment warning at adc_3.v(63): truncated value with size 32 to match size of target (11)
Warning (10230): Verilog HDL assignment warning at adc_3.v(102): truncated value with size 32 to match size of target (11)
Warning (10230): Verilog HDL assignment warning at adc_3.v(112): truncated value with size 32 to match size of target (11)
Warning (10230): Verilog HDL assignment warning at adc_3.v(119): truncated value with size 32 to match size of target (11)
Warning (10230): Verilog HDL assignment warning at adc_3.v(139): truncated value with size 32 to match size of target (11)
Warning (10230): Verilog HDL assignment warning at adc_3.v(175): truncated value with size 32 to match size of target (11)
Warning (10230): Verilog HDL assignment warning at adc_3.v(194): truncated value with size 32 to match size of target (16)
Warning (10230): Verilog HDL assignment warning at adc_3.v(196): truncated value with size 32 to match size of target (16)
Warning (10230): Verilog HDL assignment warning at adc_3.v(202): truncated value with size 3 to match size of target (1)
Warning (10230): Verilog HDL assignment warning at adc_3.v(251): truncated value with size 32 to match size of target (4)
Warning (10030): Net "result_content[31]" at adc_3.v(27) has no driver or initial value, using a default initial value '0'
Warning (10030): Net "result_content[29..28]" at adc_3.v(27) has no driver or initial value, using a default initial value '0'
Info (12128): Elaborating entity "uart_tx" for hierarchy "uart_tx:uart_tx_a"
Warning (10230): Verilog HDL assignment warning at adc_3.v(307): truncated value with size 32 to match size of target (3)
Info (17049): 10 registers lost all their fanouts during netlist optimizations.
Info (21057): Implemented 238 device resources after synthesis - the final resource count might be different
    Info (21058): Implemented 2 input pins
    Info (21059): Implemented 10 output pins
    Info (21061): Implemented 226 logic cells
Info: Quartus II 32-bit Analysis & Synthesis was successful. 0 errors, 17 warnings
    Info: Peak virtual memory: 332 megabytes
    Info: Processing ended: Sun May 26 00:57:41 2019
    Info: Elapsed time: 00:00:03
    Info: Total CPU time (on all processors): 00:00:02


