Flow report for adc_3
Sun May 26 00:58:02 2019
Quartus II 32-bit Version 13.0.1 Build 232 06/12/2013 Service Pack 1 SJ Web Edition


---------------------
; Table of Contents ;
---------------------
  1. Legal Notice
  2. Flow Summary
  3. Flow Settings
  4. Flow Non-Default Global Settings
  5. Flow Elapsed Time
  6. Flow OS Summary
  7. Flow Log
  8. Flow Messages
  9. Flow Suppressed Messages



----------------
; Legal Notice ;
----------------
Copyright (C) 1991-2013 Altera Corporation
Your use of Altera Corporation's design tools, logic functions 
and other software and tools, and its AMPP partner logic 
functions, and any output files from any of the foregoing 
(including device programming or simulation files), and any 
associated documentation or information are expressly subject 
to the terms and conditions of the Altera Program License 
Subscription Agreement, Altera MegaCore Function License 
Agreement, or other applicable license agreement, including, 
without limitation, that your use is for the sole purpose of 
programming logic devices manufactured by Altera and sold by 
Altera or its authorized distributors.  Please refer to the 
applicable agreement for further details.



+-----------------------------------------------------------------------------+
; Flow Summary                                                                ;
+---------------------------+-------------------------------------------------+
; Flow Status               ; Successful - Sun May 26 00:58:02 2019           ;
; Quartus II 32-bit Version ; 13.0.1 Build 232 06/12/2013 SP 1 SJ Web Edition ;
; Revision Name             ; adc_3                                           ;
; Top-level Entity Name     ; adc_3                                           ;
; Family                    ; MAX II                                          ;
; Device                    ; EPM240T100C5                                    ;
; Timing Models             ; Final                                           ;
; Total logic elements      ; 191 / 240 ( 80 % )                              ;
; Total pins                ; 12 / 80 ( 15 % )                                ;
; Total virtual pins        ; 0                                               ;
; UFM blocks                ; 0 / 1 ( 0 % )                                   ;
+---------------------------+-------------------------------------------------+


+-----------------------------------------+
; Flow Settings                           ;
+-------------------+---------------------+
; Option            ; Setting             ;
+-------------------+---------------------+
; Start date & time ; 05/26/2019 00:57:39 ;
; Main task         ; Compilation         ;
; Revision Name     ; adc_3               ;
+-------------------+---------------------+


+---------------------------------------------------------------------------------------------------------------+
; Flow Non-Default Global Settings                                                                              ;
+---------------------------------------+------------------------+---------------+-------------+----------------+
; Assignment Name                       ; Value                  ; Default Value ; Entity Name ; Section Id     ;
+---------------------------------------+------------------------+---------------+-------------+----------------+
; COMPILER_SIGNATURE_ID                 ; 0.155882505813730      ; --            ; --          ; --             ;
; EDA_OUTPUT_DATA_FORMAT                ; Vhdl                   ; --            ; --          ; eda_simulation ;
; EDA_SIMULATION_TOOL                   ; ModelSim-Altera (VHDL) ; <None>        ; --          ; --             ;
; MAX_CORE_JUNCTION_TEMP                ; 85                     ; --            ; --          ; --             ;
; MIN_CORE_JUNCTION_TEMP                ; 0                      ; --            ; --          ; --             ;
; POWER_EXT_SUPPLY_VOLTAGE_TO_REGULATOR ; 3.3V                   ; --            ; --          ; --             ;
; PROJECT_OUTPUT_DIRECTORY              ; output_files           ; --            ; --          ; --             ;
+---------------------------------------+------------------------+---------------+-------------+----------------+


+-------------------------------------------------------------------------------------------------------------------------------+
; Flow Elapsed Time                                                                                                             ;
+---------------------------+--------------+-------------------------+---------------------+------------------------------------+
; Module Name               ; Elapsed Time ; Average Processors Used ; Peak Virtual Memory ; Total CPU Time (on all processors) ;
+---------------------------+--------------+-------------------------+---------------------+------------------------------------+
; Analysis & Synthesis      ; 00:00:03     ; 1.0                     ; 332 MB              ; 00:00:02                           ;
; Fitter                    ; 00:00:06     ; 1.0                     ; 373 MB              ; 00:00:04                           ;
; Assembler                 ; 00:00:01     ; 1.0                     ; 309 MB              ; 00:00:01                           ;
; TimeQuest Timing Analyzer ; 00:00:02     ; 1.0                     ; 290 MB              ; 00:00:02                           ;
; EDA Netlist Writer        ; 00:00:01     ; 1.0                     ; 298 MB              ; 00:00:01                           ;
; Total                     ; 00:00:13     ; --                      ; --                  ; 00:00:10                           ;
+---------------------------+--------------+-------------------------+---------------------+------------------------------------+


+-----------------------------------------------------------------------------------------+
; Flow OS Summary                                                                         ;
+---------------------------+------------------+------------+------------+----------------+
; Module Name               ; Machine Hostname ; OS Name    ; OS Version ; Processor type ;
+---------------------------+------------------+------------+------------+----------------+
; Analysis & Synthesis      ; plechac          ; Linux Mint ; 18         ; x86_64         ;
; Fitter                    ; plechac          ; Linux Mint ; 18         ; x86_64         ;
; Assembler                 ; plechac          ; Linux Mint ; 18         ; x86_64         ;
; TimeQuest Timing Analyzer ; plechac          ; Linux Mint ; 18         ; x86_64         ;
; EDA Netlist Writer        ; plechac          ; Linux Mint ; 18         ; x86_64         ;
+---------------------------+------------------+------------+------------+----------------+


------------
; Flow Log ;
------------
quartus_map --read_settings_files=on --write_settings_files=off adc_3 -c adc_3
quartus_fit --read_settings_files=off --write_settings_files=off adc_3 -c adc_3
quartus_asm --read_settings_files=off --write_settings_files=off adc_3 -c adc_3
quartus_sta adc_3 -c adc_3
quartus_eda --read_settings_files=off --write_settings_files=off adc_3 -c adc_3



